{"level":"error","message":"values is not defined"}
{"level":"error","message":"values is not defined"}
{"level":"error","message":"values is not defined"}
{"level":"error","message":"values is not defined"}
{"level":"error","message":"values is not defined"}
{"level":"error","message":"values is not defined"}
{"level":"error","message":"values is not defined"}
{"level":"error","message":"values is not defined"}
{"level":"error","message":"values is not defined"}
{"level":"error","message":"values is not defined"}
{"level":"error","message":"Unknown column 'Nachiket' in 'where clause'"}
{"level":"error","message":"Can't add new command when connection is in closed state"}
{"level":"error","message":"Unknown column 'Nachiket' in 'where clause'"}
{"level":"error","message":"Unknown column 'Nachiket' in 'where clause'"}
{"level":"info","message":"User Nachiket successfully logged in"}
{"level":"error","message":"Can't add new command when connection is in closed state"}
{"level":"error","message":"Can't add new command when connection is in closed state"}
{"level":"info","message":"User Nachiket successfully logged in"}
{"level":"error","message":"Can't add new command when connection is in closed state"}
{"level":"info","message":"User Nachiket successfully logged in"}
{"level":"error","message":"Can't add new command when connection is in closed state"}
{"level":"info","message":"User Nachiket successfully logged in"}
{"level":"error","message":"Invalid username"}
{"level":"error","message":"Invalid password"}
{"level":"error","message":"Invalid password"}
{"level":"error","message":"Can't add new command when connection is in closed state"}
{"level":"error","message":"Can't add new command when connection is in closed state"}
{"level":"error","message":"Invalid password"}
{"level":"error","message":"Can't add new command when connection is in closed state"}
{"level":"info","message":"User list successfully listed"}
{"level":"info","message":"User list successfully listed"}
{"level":"info","message":"User list successfully listed"}
{"level":"info","message":"User list successfully listed"}
{"level":"info","message":"User list successfully listed"}
{"level":"info","message":"User list successfully listed"}
{"level":"info","message":"User list successfully listed"}
{"level":"info","message":"User list successfully listed"}
{"level":"info","message":"User list successfully listed"}
{"level":"info","message":"User list successfully listed"}
{"level":"info","message":"User list successfully listed"}
{"level":"info","message":"User list successfully listed"}
